<?xml version="1.0" encoding="UTF-8"?>
<testsuite name="PrimeNumberCheckerTest" tests="3" skipped="0" failures="0" errors="0" timestamp="2022-01-15T08:56:27" hostname="CKS" time="0.084">
  <properties/>
  <testcase name="ShouldReturnFalseIfTheNumberIsLessThanTwo()" classname="PrimeNumberCheckerTest" time="0.075"/>
  <testcase name="ShouldReturnTrueIfTheNumberIsPrime()" classname="PrimeNumberCheckerTest" time="0.003"/>
  <testcase name="ShouldReturnFalseIfTheNumberIsNotPrime()" classname="PrimeNumberCheckerTest" time="0.002"/>
  <system-out><![CDATA[]]></system-out>
  <system-err><![CDATA[]]></system-err>
</testsuite>
